2026-05-11 23:11:35,202 [INFO] ======================================================================
2026-05-11 23:11:35,203 [INFO] DECEPTIVE-NET – Autonomous Honey-Token Generation via cWGAN-GP
2026-05-11 23:11:35,203 [INFO] Mode: full  |  Device: cpu  |  Epochs: 200  |  Resume: False
2026-05-11 23:11:35,203 [INFO] ======================================================================
2026-05-11 23:11:35,203 [INFO] 
Step 1/6 – Loading / generating data…
2026-05-11 23:11:35,203 [INFO] BAF CSV not found – generating synthetic BAF data
2026-05-11 23:11:35,570 [INFO] PII CSV not found – generating synthetic PII data
2026-05-11 23:11:52,373 [INFO] Performing demographic soft-matching record alignment…
2026-05-11 23:11:52,417 [INFO] Aligned dataset: (100000, 87), (100000, 64)
2026-05-11 23:11:52,424 [INFO] 
Step 2/6 – Training tabular encoder for DDS metric…
2026-05-11 23:11:59,875 [INFO] Training tabular encoder for DDS…
2026-05-11 23:13:02,054 [INFO]   Encoder epoch 5/20  loss=0.01061
2026-05-11 23:14:05,244 [INFO]   Encoder epoch 10/20  loss=0.00925
2026-05-11 23:15:12,399 [INFO]   Encoder epoch 15/20  loss=0.19644
2026-05-11 23:16:17,949 [INFO]   Encoder epoch 20/20  loss=0.19645
2026-05-11 23:16:17,956 [INFO] 
Step 3/6 – Training Deceptive-Net…
2026-05-11 23:16:18,061 [INFO] Training for 200 epochs on cpu…
2026-05-11 23:18:51,972 [INFO] Epoch   1/200  G=4.5671  D=0.3966  CAA=5.7576
2026-05-11 23:39:16,605 [INFO] ======================================================================
2026-05-11 23:39:16,605 [INFO] DECEPTIVE-NET – Autonomous Honey-Token Generation via cWGAN-GP
2026-05-11 23:39:16,605 [INFO] Mode: full  |  Device: cpu  |  Epochs: 200  |  Resume: False
2026-05-11 23:39:16,605 [INFO] ======================================================================
2026-05-11 23:39:16,605 [INFO] 
Step 1/6 – Loading / generating data…
2026-05-11 23:39:16,605 [INFO] BAF CSV not found – generating synthetic BAF data
2026-05-11 23:39:16,883 [INFO] PII CSV not found – generating synthetic PII data
2026-05-11 23:39:34,048 [INFO] Performing demographic soft-matching record alignment…
2026-05-11 23:39:34,084 [INFO] Aligned dataset: (100000, 87), (100000, 64)
2026-05-11 23:39:34,089 [INFO] 
Step 2/6 – Training tabular encoder for DDS metric…
2026-05-11 23:39:45,229 [INFO] Training tabular encoder for DDS…
2026-05-11 23:41:05,586 [INFO]   Encoder epoch 5/20  loss=0.01061
2026-05-11 23:41:51,785 [INFO]   Encoder epoch 10/20  loss=0.00925
2026-05-11 23:42:40,408 [INFO]   Encoder epoch 15/20  loss=0.19644
2026-05-11 23:43:33,113 [INFO]   Encoder epoch 20/20  loss=0.19645
2026-05-11 23:43:33,119 [INFO] 
Step 3/6 – Training Deceptive-Net…
2026-05-11 23:43:33,174 [INFO] Training for 200 epochs on cpu…
2026-05-11 23:45:14,164 [INFO] Epoch   1/200  G=4.5671  D=0.3966  CAA=5.7576
2026-05-12 00:01:34,718 [INFO] Epoch  10/200  G=3.9712  D=0.3941  CAA=4.2238
2026-05-12 00:20:15,442 [INFO] Epoch  20/200  G=3.0090  D=0.3967  CAA=3.0896
2026-05-12 00:42:57,846 [INFO] ======================================================================
2026-05-12 00:42:57,847 [INFO] DECEPTIVE-NET – Autonomous Honey-Token Generation via cWGAN-GP
2026-05-12 00:42:57,848 [INFO] Mode: full  |  Device: cpu  |  Epochs: 5  |  Resume: False
2026-05-12 00:42:57,848 [INFO] ======================================================================
2026-05-12 00:42:57,848 [INFO] 
Step 1/6 – Loading / generating data…
2026-05-12 00:42:57,848 [INFO] BAF CSV not found – generating synthetic BAF data
2026-05-12 00:42:57,862 [INFO] PII CSV not found – generating synthetic PII data
2026-05-12 00:42:58,609 [INFO] Performing demographic soft-matching record alignment…
2026-05-12 00:42:58,613 [INFO] Aligned dataset: (5000, 87), (5000, 64)
2026-05-12 00:42:58,613 [INFO] 
Step 2/6 – Training tabular encoder for DDS metric…
2026-05-12 00:43:04,675 [INFO] Training tabular encoder for DDS…
2026-05-12 00:43:04,675 [INFO] Encoder epoch 1/3 started...
2026-05-12 00:43:05,092 [INFO] Encoder epoch 2/3 started...
2026-05-12 00:43:05,445 [INFO] Encoder epoch 3/3 started...
2026-05-12 00:43:05,801 [INFO] 
Step 3/6 – Training Deceptive-Net…
2026-05-12 00:43:05,841 [INFO] Training for 5 epochs on cpu…
2026-05-12 00:43:05,846 [INFO] Epoch 1/5 | Batch 0/20 processing...
2026-05-12 00:43:07,627 [INFO] Epoch 1/5 | Batch 10/20 processing...
2026-05-12 00:43:09,166 [INFO] Epoch   1/5  G=12.6177  D=5.8832  CAA=25.2084
2026-05-12 00:43:09,314 [INFO] Epoch 2/5 | Batch 0/20 processing...
2026-05-12 00:43:10,997 [INFO] Epoch 2/5 | Batch 10/20 processing...
2026-05-12 00:43:12,904 [INFO] Epoch 3/5 | Batch 0/20 processing...
2026-05-12 00:43:14,666 [INFO] Epoch 3/5 | Batch 10/20 processing...
2026-05-12 00:43:16,572 [INFO] Epoch 4/5 | Batch 0/20 processing...
2026-05-12 00:43:18,378 [INFO] Epoch 4/5 | Batch 10/20 processing...
2026-05-12 00:43:20,272 [INFO] Epoch 5/5 | Batch 0/20 processing...
2026-05-12 00:43:22,105 [INFO] Epoch 5/5 | Batch 10/20 processing...
2026-05-12 00:43:24,620 [INFO] 
Step 4/6 – Evaluating Deceptive-Net…
2026-05-12 00:43:24,620 [INFO] Running full evaluation…
2026-05-12 00:43:26,144 [INFO] 
Step 4b/6 – Evaluating baselines…
2026-05-12 00:43:26,145 [INFO] Evaluating baselines…
2026-05-12 00:43:26,301 [INFO]   Static Tokens             DDS=109.2737  Luhn=10.9%  NE=75.5%  k_tok/s=inf
2026-05-12 00:43:26,510 [INFO]   Gaussian Copula           DDS=1.8195  Luhn=10.3%  NE=79.5%  k_tok/s=57.6
2026-05-12 00:43:26,675 [INFO]   SMOTE-NC                  DDS=1.4234  Luhn=7.7%  NE=78.7%  k_tok/s=1131.6
2026-05-12 00:43:26,675 [INFO]   Training CopulaGAN proxy…
2026-05-12 00:43:27,517 [INFO]   CopulaGAN                 DDS=22.6806  Luhn=19.1%  NE=82.2%  k_tok/s=170.9
2026-05-12 00:43:27,518 [INFO]   Training TVAE proxy…
2026-05-12 00:43:28,429 [INFO]   TVAE                      DDS=31.0491  Luhn=48.8%  NE=38.9%  k_tok/s=140.5
2026-05-12 00:43:28,429 [INFO]   Training CTGAN proxy…
2026-05-12 00:43:29,336 [INFO]   CTGAN                     DDS=40.9398  Luhn=17.1%  NE=68.6%  k_tok/s=40.0
2026-05-12 00:43:29,337 [INFO]   Training GReaT proxy…
2026-05-12 00:43:30,203 [INFO]   GReaT                     DDS=14.5985  Luhn=17.5%  NE=60.5%  k_tok/s=118.9
2026-05-12 00:43:30,203 [INFO]   Training TabDDPM proxy…
2026-05-12 00:43:31,002 [INFO]   TabDDPM                   DDS=20.6031  Luhn=13.7%  NE=64.4%  k_tok/s=151.2
2026-05-12 00:43:31,007 [INFO] 
Step 5/6 – Generating tables and figures…
2026-05-12 00:43:31,508 [INFO] Training TDA for 300 episodes…
2026-05-12 00:44:05,813 [INFO] TDA training complete. Mean dwell=37.89 min
2026-05-12 00:44:06,889 [INFO] 
Step 5b/6 – Running ablation study…
2026-05-12 00:44:06,889 [INFO] Ablation: (A) Full Deceptive-Net
2026-05-12 00:44:06,928 [INFO] Training (ablation) for 2 epochs on cpu…
2026-05-12 00:44:06,936 [INFO] Epoch 1/2 | Batch 0/20 processing...
2026-05-12 00:44:08,720 [INFO] Epoch 1/2 | Batch 10/20 processing...
2026-05-12 00:44:10,516 [INFO] Epoch   1/2  G=14.0672  D=5.9056  CAA=27.9026
2026-05-12 00:44:10,521 [INFO] Epoch 2/2 | Batch 0/20 processing...
2026-05-12 00:44:12,092 [INFO] Epoch 2/2 | Batch 10/20 processing...
2026-05-12 00:44:15,039 [INFO]   DDS=42.6349  Luhn=0.0%
2026-05-12 00:44:15,078 [INFO] Training (ablation) for 2 epochs on cpu…
2026-05-12 00:44:15,082 [INFO] Epoch 1/2 | Batch 0/20 processing...
2026-05-12 00:44:16,657 [INFO] Epoch 1/2 | Batch 10/20 processing...
2026-05-12 00:44:18,217 [INFO] Epoch   1/2  G=-0.2260  D=6.6405  CAA=0.0000
2026-05-12 00:44:18,221 [INFO] Epoch 2/2 | Batch 0/20 processing...
2026-05-12 00:44:19,808 [INFO] Epoch 2/2 | Batch 10/20 processing...
2026-05-12 00:44:23,074 [INFO]   DDS=109.0869  Luhn=0.0%
2026-05-12 00:44:23,122 [INFO] Training for 2 epochs on cpu…
2026-05-12 00:44:23,125 [INFO] Epoch 1/2 | Batch 0/20 processing...
2026-05-12 00:44:24,713 [INFO] Epoch 1/2 | Batch 10/20 processing...
2026-05-12 00:44:26,176 [INFO] Epoch   1/2  G=13.1001  D=6.0635  CAA=26.2603
2026-05-12 00:44:26,179 [INFO] Epoch 2/2 | Batch 0/20 processing...
2026-05-12 00:44:27,672 [INFO] Epoch 2/2 | Batch 10/20 processing...
2026-05-12 00:44:31,807 [INFO]   DDS=64.5394  Luhn=0.0%
2026-05-12 00:44:31,844 [INFO] Training for 2 epochs on cpu…
2026-05-12 00:44:31,848 [INFO] Epoch 1/2 | Batch 0/20 processing...
2026-05-12 00:44:33,445 [INFO] Epoch 1/2 | Batch 10/20 processing...
2026-05-12 00:44:34,867 [INFO] Epoch   1/2  G=13.9016  D=5.9841  CAA=27.6350
2026-05-12 00:44:34,871 [INFO] Epoch 2/2 | Batch 0/20 processing...
2026-05-12 00:44:36,347 [INFO] Epoch 2/2 | Batch 10/20 processing...
2026-05-12 00:44:38,090 [INFO]   DDS=87.8565  Luhn=0.0%
2026-05-12 00:44:38,127 [INFO] Training for 2 epochs on cpu…
2026-05-12 00:44:38,131 [INFO] Epoch 1/2 | Batch 0/20 processing...
2026-05-12 00:44:39,641 [INFO] Epoch 1/2 | Batch 10/20 processing...
2026-05-12 00:44:41,153 [INFO] Epoch   1/2  G=13.2134  D=6.0258  CAA=26.5109
2026-05-12 00:44:41,157 [INFO] Epoch 2/2 | Batch 0/20 processing...
2026-05-12 00:44:42,594 [INFO] Epoch 2/2 | Batch 10/20 processing...
2026-05-12 00:44:44,444 [INFO]   DDS=89.0095  Luhn=0.0%
2026-05-12 00:44:44,479 [INFO] Training for 2 epochs on cpu…
2026-05-12 00:44:44,482 [INFO] Epoch 1/2 | Batch 0/20 processing...
2026-05-12 00:44:45,991 [INFO] Epoch 1/2 | Batch 10/20 processing...
2026-05-12 00:44:47,459 [INFO] Epoch   1/2  G=13.4371  D=5.7848  CAA=26.4545
2026-05-12 00:44:47,463 [INFO] Epoch 2/2 | Batch 0/20 processing...
2026-05-12 00:44:48,952 [INFO] Epoch 2/2 | Batch 10/20 processing...
2026-05-12 00:44:50,726 [INFO]   DDS=42.2578  Luhn=0.0%
2026-05-12 00:44:50,779 [INFO] Training for 2 epochs on cpu…
2026-05-12 00:44:50,782 [INFO] Epoch 1/2 | Batch 0/20 processing...
2026-05-12 00:44:52,304 [INFO] Epoch 1/2 | Batch 10/20 processing...
2026-05-12 00:44:53,742 [INFO] Epoch   1/2  G=12.5219  D=5.7555  CAA=25.2211
2026-05-12 00:44:53,747 [INFO] Epoch 2/2 | Batch 0/20 processing...
2026-05-12 00:44:55,252 [INFO] Epoch 2/2 | Batch 10/20 processing...
2026-05-12 00:44:57,209 [INFO]   DDS=84.9706  Luhn=0.0%
2026-05-12 00:44:57,210 [INFO] Ablation: (H) WGAN-GP only (baseline)
2026-05-12 00:44:57,256 [INFO] Training (ablation) for 2 epochs on cpu…
2026-05-12 00:44:57,260 [INFO] Epoch 1/2 | Batch 0/20 processing...
2026-05-12 00:44:58,698 [INFO] Epoch 1/2 | Batch 10/20 processing...
2026-05-12 00:45:00,355 [INFO] Epoch   1/2  G=-0.3721  D=6.6380  CAA=0.0000
2026-05-12 00:45:00,363 [INFO] Epoch 2/2 | Batch 0/20 processing...
2026-05-12 00:45:02,026 [INFO] Epoch 2/2 | Batch 10/20 processing...
2026-05-12 00:45:03,813 [INFO]   DDS=132.6009  Luhn=0.0%
2026-05-12 00:45:04,599 [INFO] Computing t-SNE…
2026-05-12 11:00:36,762 [INFO] ======================================================================
2026-05-12 11:00:36,763 [INFO] DECEPTIVE-NET – Autonomous Honey-Token Generation via cWGAN-GP
2026-05-12 11:00:36,763 [INFO] Mode: full  |  Device: cpu  |  Epochs: 5  |  Resume: False
2026-05-12 11:00:36,764 [INFO] ======================================================================
2026-05-12 11:00:36,764 [INFO] 
Step 1/6 – Loading / generating data…
2026-05-12 11:00:36,764 [INFO] BAF CSV not found – generating synthetic BAF data
2026-05-12 11:00:36,778 [INFO] PII CSV not found – generating synthetic PII data
2026-05-12 11:00:37,531 [INFO] Performing demographic soft-matching record alignment…
2026-05-12 11:00:37,534 [INFO] Aligned dataset: (5000, 87), (5000, 64)
2026-05-12 11:00:37,534 [INFO] 
Step 2/6 – Training tabular encoder for DDS metric…
2026-05-12 11:00:42,940 [INFO] Training tabular encoder for DDS…
2026-05-12 11:00:42,941 [INFO] Encoder epoch 1/3 started...
2026-05-12 11:00:43,422 [INFO] Encoder epoch 2/3 started...
2026-05-12 11:00:43,758 [INFO] Encoder epoch 3/3 started...
2026-05-12 11:00:44,103 [INFO] 
Step 3/6 – Training Deceptive-Net…
2026-05-12 11:00:44,144 [INFO] Training for 5 epochs on cpu…
2026-05-12 11:00:44,148 [INFO] Epoch 1/5 | Batch 0/20 processing...
2026-05-12 11:00:46,138 [INFO] Epoch 1/5 | Batch 10/20 processing...
2026-05-12 11:00:47,670 [INFO] Epoch   1/5  G=12.6177  D=5.8832  CAA=25.2084
2026-05-12 11:00:47,762 [INFO] Checkpoint saved -> checkpoints\ckpt_epoch_1.pt
2026-05-12 11:00:47,829 [INFO] Epoch 2/5 | Batch 0/20 processing...
2026-05-12 11:00:49,439 [INFO] Epoch 2/5 | Batch 10/20 processing...
2026-05-12 11:00:51,101 [INFO] Checkpoint saved -> checkpoints\ckpt_epoch_2.pt
2026-05-12 11:00:51,180 [INFO] Epoch 3/5 | Batch 0/20 processing...
2026-05-12 11:00:52,889 [INFO] Epoch 3/5 | Batch 10/20 processing...
2026-05-12 11:00:54,566 [INFO] Checkpoint saved -> checkpoints\ckpt_epoch_3.pt
2026-05-12 11:00:54,636 [INFO] Epoch 4/5 | Batch 0/20 processing...
2026-05-12 11:00:56,299 [INFO] Epoch 4/5 | Batch 10/20 processing...
2026-05-12 11:00:57,933 [INFO] Checkpoint saved -> checkpoints\ckpt_epoch_4.pt
2026-05-12 11:00:58,016 [INFO] Epoch 5/5 | Batch 0/20 processing...
2026-05-12 11:00:59,680 [INFO] Epoch 5/5 | Batch 10/20 processing...
2026-05-12 11:01:01,374 [INFO] Checkpoint saved -> checkpoints\ckpt_epoch_5.pt
2026-05-12 11:01:02,068 [INFO] 
Step 4/6 – Evaluating Deceptive-Net…
2026-05-12 11:01:02,068 [INFO] Running full evaluation…
2026-05-12 11:01:03,416 [INFO] 
Step 4b/6 – Evaluating baselines…
2026-05-12 11:01:03,417 [INFO] Evaluating baselines…
2026-05-12 11:01:03,567 [INFO]   Static Tokens             DDS=109.2737  Luhn=10.9%  NE=75.5%  k_tok/s=inf
2026-05-12 11:01:03,876 [INFO]   Gaussian Copula           DDS=1.8195  Luhn=10.3%  NE=79.5%  k_tok/s=21.4
2026-05-12 11:01:04,048 [INFO]   SMOTE-NC                  DDS=1.4234  Luhn=7.7%  NE=78.7%  k_tok/s=1045.0
2026-05-12 11:01:04,048 [INFO]   Training CopulaGAN proxy…
2026-05-12 11:01:04,824 [INFO]   CopulaGAN                 DDS=22.6806  Luhn=19.1%  NE=82.2%  k_tok/s=212.9
2026-05-12 11:01:04,825 [INFO]   Training TVAE proxy…
2026-05-12 11:01:05,548 [INFO]   TVAE                      DDS=31.0491  Luhn=48.8%  NE=38.9%  k_tok/s=161.7
2026-05-12 11:01:05,548 [INFO]   Training CTGAN proxy…
2026-05-12 11:01:06,283 [INFO]   CTGAN                     DDS=40.9398  Luhn=17.1%  NE=68.6%  k_tok/s=192.3
2026-05-12 11:01:06,283 [INFO]   Training GReaT proxy…
2026-05-12 11:01:07,197 [INFO]   GReaT                     DDS=14.5985  Luhn=17.5%  NE=60.5%  k_tok/s=123.6
2026-05-12 11:01:07,198 [INFO]   Training TabDDPM proxy…
2026-05-12 11:01:08,010 [INFO]   TabDDPM                   DDS=20.6031  Luhn=13.7%  NE=64.4%  k_tok/s=145.1
2026-05-12 11:01:08,015 [INFO] 
Step 5/6 – Generating tables and figures…
2026-05-12 11:01:08,243 [INFO] Table saved -> ./outputs/table1_baf_features.png
2026-05-12 11:01:08,512 [INFO] Table saved -> ./outputs/table2_main_results.png
2026-05-12 11:01:08,515 [INFO] Training TDA for 300 episodes…
2026-05-12 11:01:43,364 [INFO] TDA training complete. Mean dwell=37.89 min
2026-05-12 11:01:43,546 [INFO] Table saved -> ./outputs/table3_deployment.png
2026-05-12 11:01:44,664 [INFO] Table saved -> ./outputs/table5_profiling.png
2026-05-12 11:01:44,666 [INFO] 
Step 5b/6 – Running ablation study…
2026-05-12 11:01:44,666 [INFO] Ablation: (A) Full Deceptive-Net
2026-05-12 11:01:44,705 [INFO] Training (ablation) for 1 epochs on cpu…
2026-05-12 11:01:44,708 [INFO] Epoch 1/1 | Batch 0/20 processing...
2026-05-12 11:01:46,519 [INFO] Epoch 1/1 | Batch 10/20 processing...
2026-05-12 11:01:48,131 [INFO] Epoch   1/1  G=14.0672  D=5.9056  CAA=27.9026
2026-05-12 11:01:48,233 [INFO] Checkpoint saved -> checkpoints\ckpt_epoch_1.pt
2026-05-12 11:01:48,664 [INFO]   DDS=81.2132  Luhn=3.2%
2026-05-12 11:01:48,664 [INFO] Ablation: (B) A - CAA Module
2026-05-12 11:01:48,718 [INFO] Training (ablation) for 1 epochs on cpu…
2026-05-12 11:01:48,721 [INFO] Epoch 1/1 | Batch 0/20 processing...
2026-05-12 11:01:50,441 [INFO] Epoch 1/1 | Batch 10/20 processing...
2026-05-12 11:01:52,171 [INFO] Epoch   1/1  G=-0.4606  D=6.2649  CAA=0.0000
2026-05-12 11:01:52,259 [INFO] Checkpoint saved -> checkpoints\ckpt_epoch_1.pt
2026-05-12 11:01:52,570 [INFO]   DDS=152.9608  Luhn=0.0%
2026-05-12 11:01:52,571 [INFO] Ablation: (C) A - Spectral Norm.
2026-05-12 11:01:52,620 [INFO] Training for 1 epochs on cpu…
2026-05-12 11:01:52,624 [INFO] Epoch 1/1 | Batch 0/20 processing...
2026-05-12 11:01:54,515 [INFO] Epoch 1/1 | Batch 10/20 processing...
2026-05-12 11:01:56,266 [INFO] Epoch   1/1  G=12.7141  D=5.6013  CAA=25.4980
2026-05-12 11:01:56,348 [INFO] Checkpoint saved -> checkpoints\ckpt_epoch_1.pt
2026-05-12 11:01:56,646 [INFO]   DDS=103.4969  Luhn=0.0%
2026-05-12 11:01:56,646 [INFO] Ablation: (D) A - Multi-Head Critic
2026-05-12 11:01:56,698 [INFO] Training for 1 epochs on cpu…
2026-05-12 11:01:56,701 [INFO] Epoch 1/1 | Batch 0/20 processing...
2026-05-12 11:01:58,395 [INFO] Epoch 1/1 | Batch 10/20 processing...
2026-05-12 11:02:00,105 [INFO] Epoch   1/1  G=13.1031  D=5.7228  CAA=26.4654
2026-05-12 11:02:00,218 [INFO] Checkpoint saved -> checkpoints\ckpt_epoch_1.pt
2026-05-12 11:02:00,532 [INFO]   DDS=134.8569  Luhn=0.0%
2026-05-12 11:02:00,533 [INFO] Ablation: (E) A - FiLM Conditioning
2026-05-12 11:02:00,570 [INFO] Training for 1 epochs on cpu…
2026-05-12 11:02:00,575 [INFO] Epoch 1/1 | Batch 0/20 processing...
2026-05-12 11:02:02,294 [INFO] Epoch 1/1 | Batch 10/20 processing...
2026-05-12 11:02:04,032 [INFO] Epoch   1/1  G=13.9247  D=6.2181  CAA=27.8370
2026-05-12 11:02:04,137 [INFO] Checkpoint saved -> checkpoints\ckpt_epoch_1.pt
2026-05-12 11:02:04,520 [INFO]   DDS=82.3441  Luhn=0.0%
2026-05-12 11:02:04,520 [INFO] Ablation: (F) A - TDA
2026-05-12 11:02:04,562 [INFO] Training for 1 epochs on cpu…
2026-05-12 11:02:04,566 [INFO] Epoch 1/1 | Batch 0/20 processing...
2026-05-12 11:02:06,975 [INFO] Epoch 1/1 | Batch 10/20 processing...
2026-05-12 11:02:09,339 [INFO] Epoch   1/1  G=13.0616  D=5.6486  CAA=26.2732
2026-05-12 11:02:09,440 [INFO] Checkpoint saved -> checkpoints\ckpt_epoch_1.pt
2026-05-12 11:02:09,844 [INFO]   DDS=110.1383  Luhn=0.0%
2026-05-12 11:02:09,844 [INFO] Ablation: (G) A - Record Alignment
2026-05-12 11:02:09,892 [INFO] Training for 1 epochs on cpu…
2026-05-12 11:02:09,899 [INFO] Epoch 1/1 | Batch 0/20 processing...
2026-05-12 11:02:12,419 [INFO] Epoch 1/1 | Batch 10/20 processing...
2026-05-12 11:02:14,440 [INFO] Epoch   1/1  G=14.3431  D=5.7536  CAA=28.5784
2026-05-12 11:02:14,524 [INFO] Checkpoint saved -> checkpoints\ckpt_epoch_1.pt
2026-05-12 11:02:15,033 [INFO]   DDS=45.1790  Luhn=99.2%
2026-05-12 11:02:15,033 [INFO] Ablation: (H) WGAN-GP only (baseline)
2026-05-12 11:02:15,093 [INFO] Training (ablation) for 1 epochs on cpu…
2026-05-12 11:02:15,103 [INFO] Epoch 1/1 | Batch 0/20 processing...
2026-05-12 11:02:16,995 [INFO] Epoch 1/1 | Batch 10/20 processing...
2026-05-12 11:02:18,648 [INFO] Epoch   1/1  G=-0.5054  D=6.2488  CAA=0.0000
2026-05-12 11:02:18,731 [INFO] Checkpoint saved -> checkpoints\ckpt_epoch_1.pt
2026-05-12 11:02:19,030 [INFO]   DDS=94.2774  Luhn=0.0%
2026-05-12 11:02:19,317 [INFO] Table saved -> ./outputs/table4_ablation.png
2026-05-12 11:02:19,867 [INFO] Computing t-SNE…
2026-05-12 11:02:42,399 [INFO] t-SNE figure saved -> ./outputs/figure_tsne.png
2026-05-12 11:02:42,721 [INFO] ======================================================================
2026-05-12 11:02:42,721 [INFO] DECEPTIVE-NET – RESULTS SUMMARY
2026-05-12 11:02:42,721 [INFO] ======================================================================
2026-05-12 11:02:42,721 [INFO] 
Table 2 – Main Results:
2026-05-12 11:02:42,723 [INFO] -----------------------------------------------------------------
2026-05-12 11:02:42,723 [INFO] Static Tokens                109.274    10.9    75.5        inf
2026-05-12 11:02:42,723 [INFO] Gaussian Copula                1.819    10.3    79.5       21.4
2026-05-12 11:02:42,723 [INFO] SMOTE-NC                       1.423     7.7    78.7     1045.0
2026-05-12 11:02:42,723 [INFO] CopulaGAN                     22.681    19.1    82.2      212.9
2026-05-12 11:02:42,723 [INFO] TVAE                          31.049    48.8    38.9      161.7
2026-05-12 11:02:42,723 [INFO] CTGAN                         40.940    17.1    68.6      192.3
2026-05-12 11:02:42,723 [INFO] GReaT                         14.598    17.5    60.5      123.6
2026-05-12 11:02:42,723 [INFO] TabDDPM                       20.603    13.7    64.4      145.1
2026-05-12 11:02:42,723 [INFO] -----------------------------------------------------------------
2026-05-12 11:02:42,723 [INFO] Deceptive-Net (ours)           5.184     0.0    89.2       15.7
2026-05-12 11:02:42,724 [INFO] 
Table 4 – Ablation Study:
2026-05-12 11:02:42,731 [INFO] ======================================================================
2026-05-12 11:02:42,731 [INFO] 
Step 6/6 – Generating 10 000 honey-tokens…
2026-05-12 11:02:42,731 [INFO] Generating 10000 honey-tokens…
2026-05-12 11:02:43,421 [INFO] Generated 10000 tokens in 0.69s (14506 tok/s)
2026-05-12 11:02:44,888 [INFO] 
All done.  Outputs written to: ./outputs
2026-05-12 11:08:37,318 [INFO] ======================================================================
2026-05-12 11:08:37,318 [INFO] DECEPTIVE-NET – Autonomous Honey-Token Generation via cWGAN-GP
2026-05-12 11:08:37,319 [INFO] Mode: full  |  Device: cpu  |  Epochs: 100  |  Resume: False
2026-05-12 11:08:37,319 [INFO] ======================================================================
2026-05-12 11:08:37,319 [INFO] 
Step 1/6 – Loading / generating data…
2026-05-12 11:08:37,319 [INFO] BAF CSV not found – generating synthetic BAF data
2026-05-12 11:08:37,328 [INFO] PII CSV not found – generating synthetic PII data
2026-05-12 11:08:38,062 [INFO] Performing demographic soft-matching record alignment…
2026-05-12 11:08:38,063 [INFO] Aligned dataset: (5000, 87), (5000, 64)
2026-05-12 11:08:38,064 [INFO] 
Step 2/6 – Training tabular encoder for DDS metric…
2026-05-12 11:08:39,376 [INFO] Training tabular encoder for DDS…
2026-05-12 11:08:39,376 [INFO] Encoder epoch 1/3 started...
2026-05-12 11:08:39,735 [INFO] Encoder epoch 2/3 started...
2026-05-12 11:08:40,089 [INFO] Encoder epoch 3/3 started...
2026-05-12 11:08:40,448 [INFO] 
Step 3/6 – Training Deceptive-Net…
2026-05-12 11:08:40,490 [INFO] Training for 100 epochs on cpu…
2026-05-12 11:08:40,494 [INFO] Epoch 1/100 | Batch 0/20 processing...
2026-05-12 11:08:42,143 [INFO] Epoch 1/100 | Batch 10/20 processing...
2026-05-12 11:08:43,674 [INFO] Epoch   1/100  G=12.6177  D=5.8832  CAA=25.2084
2026-05-12 11:08:43,756 [INFO] Checkpoint saved -> checkpoints\ckpt_epoch_1.pt
2026-05-12 11:08:43,824 [INFO] Epoch 2/100 | Batch 0/20 processing...
2026-05-12 11:08:45,491 [INFO] Epoch 2/100 | Batch 10/20 processing...
2026-05-12 11:08:47,075 [INFO] Checkpoint saved -> checkpoints\ckpt_epoch_2.pt
2026-05-12 11:08:47,150 [INFO] Epoch 3/100 | Batch 0/20 processing...
2026-05-12 11:08:48,820 [INFO] Epoch 3/100 | Batch 10/20 processing...
2026-05-12 11:08:50,469 [INFO] Checkpoint saved -> checkpoints\ckpt_epoch_3.pt
2026-05-12 11:08:50,554 [INFO] Epoch 4/100 | Batch 0/20 processing...
2026-05-12 11:08:52,235 [INFO] Epoch 4/100 | Batch 10/20 processing...
2026-05-12 11:08:53,854 [INFO] Checkpoint saved -> checkpoints\ckpt_epoch_4.pt
2026-05-12 11:08:53,931 [INFO] Epoch 5/100 | Batch 0/20 processing...
2026-05-12 11:08:55,669 [INFO] Epoch 5/100 | Batch 10/20 processing...
2026-05-12 11:08:57,449 [INFO] Checkpoint saved -> checkpoints\ckpt_epoch_5.pt
2026-05-12 11:08:57,530 [INFO] Epoch 6/100 | Batch 0/20 processing...
2026-05-12 11:08:59,240 [INFO] Epoch 6/100 | Batch 10/20 processing...
2026-05-12 11:09:00,850 [INFO] Checkpoint saved -> checkpoints\ckpt_epoch_6.pt
2026-05-12 11:09:00,917 [INFO] Epoch 7/100 | Batch 0/20 processing...
2026-05-12 11:09:02,662 [INFO] Epoch 7/100 | Batch 10/20 processing...
2026-05-12 11:09:04,408 [INFO] Checkpoint saved -> checkpoints\ckpt_epoch_7.pt
2026-05-12 11:09:04,474 [INFO] Epoch 8/100 | Batch 0/20 processing...
2026-05-12 11:09:06,209 [INFO] Epoch 8/100 | Batch 10/20 processing...
2026-05-12 11:09:07,947 [INFO] Checkpoint saved -> checkpoints\ckpt_epoch_8.pt
2026-05-12 11:09:08,028 [INFO] Epoch 9/100 | Batch 0/20 processing...
2026-05-12 11:09:09,749 [INFO] Epoch 9/100 | Batch 10/20 processing...
2026-05-12 11:09:11,388 [INFO] Checkpoint saved -> checkpoints\ckpt_epoch_9.pt
2026-05-12 11:09:11,458 [INFO] Epoch 10/100 | Batch 0/20 processing...
2026-05-12 11:09:13,228 [INFO] Epoch 10/100 | Batch 10/20 processing...
2026-05-12 11:09:15,208 [INFO] Epoch  10/100  G=2.9678  D=0.5558  CAA=4.3329
2026-05-12 11:09:15,286 [INFO] Checkpoint saved -> checkpoints\ckpt_epoch_10.pt
2026-05-12 11:09:15,396 [INFO] Epoch 11/100 | Batch 0/20 processing...
2026-05-12 11:09:17,114 [INFO] Epoch 11/100 | Batch 10/20 processing...
2026-05-12 11:09:18,850 [INFO] Checkpoint saved -> checkpoints\ckpt_epoch_11.pt
2026-05-12 11:09:18,939 [INFO] Epoch 12/100 | Batch 0/20 processing...
2026-05-12 11:09:20,656 [INFO] Epoch 12/100 | Batch 10/20 processing...
2026-05-12 11:09:22,377 [INFO] Checkpoint saved -> checkpoints\ckpt_epoch_12.pt
2026-05-12 11:09:22,453 [INFO] Epoch 13/100 | Batch 0/20 processing...
2026-05-12 11:09:24,238 [INFO] Epoch 13/100 | Batch 10/20 processing...
2026-05-12 11:09:25,975 [INFO] Checkpoint saved -> checkpoints\ckpt_epoch_13.pt
2026-05-12 11:09:26,058 [INFO] Epoch 14/100 | Batch 0/20 processing...
2026-05-12 11:09:27,846 [INFO] Epoch 14/100 | Batch 10/20 processing...
2026-05-12 11:09:29,568 [INFO] Checkpoint saved -> checkpoints\ckpt_epoch_14.pt
2026-05-12 11:09:29,665 [INFO] Epoch 15/100 | Batch 0/20 processing...
2026-05-12 11:09:31,419 [INFO] Epoch 15/100 | Batch 10/20 processing...
2026-05-12 11:09:33,165 [INFO] Checkpoint saved -> checkpoints\ckpt_epoch_15.pt
2026-05-12 11:09:33,252 [INFO] Epoch 16/100 | Batch 0/20 processing...
2026-05-12 11:09:35,041 [INFO] Epoch 16/100 | Batch 10/20 processing...
2026-05-12 11:09:36,773 [INFO] Checkpoint saved -> checkpoints\ckpt_epoch_16.pt
2026-05-12 11:09:36,853 [INFO] Epoch 17/100 | Batch 0/20 processing...
2026-05-12 11:09:38,833 [INFO] Epoch 17/100 | Batch 10/20 processing...
2026-05-12 11:09:40,569 [INFO] Checkpoint saved -> checkpoints\ckpt_epoch_17.pt
2026-05-12 11:09:40,668 [INFO] Epoch 18/100 | Batch 0/20 processing...
2026-05-12 11:09:42,434 [INFO] Epoch 18/100 | Batch 10/20 processing...
2026-05-12 11:09:44,161 [INFO] Checkpoint saved -> checkpoints\ckpt_epoch_18.pt
2026-05-12 11:09:44,263 [INFO] Epoch 19/100 | Batch 0/20 processing...
2026-05-12 11:09:46,027 [INFO] Epoch 19/100 | Batch 10/20 processing...
2026-05-12 11:09:47,789 [INFO] Checkpoint saved -> checkpoints\ckpt_epoch_19.pt
2026-05-12 11:09:47,894 [INFO] Epoch 20/100 | Batch 0/20 processing...
2026-05-12 11:09:49,723 [INFO] Epoch 20/100 | Batch 10/20 processing...
2026-05-12 11:09:51,466 [INFO] Epoch  20/100  G=3.1792  D=0.6807  CAA=4.4814
2026-05-12 11:09:51,542 [INFO] Checkpoint saved -> checkpoints\ckpt_epoch_20.pt
2026-05-12 11:09:51,635 [INFO] Epoch 21/100 | Batch 0/20 processing...
2026-05-12 11:09:53,452 [INFO] Epoch 21/100 | Batch 10/20 processing...
2026-05-12 11:09:55,199 [INFO] Checkpoint saved -> checkpoints\ckpt_epoch_21.pt
2026-05-12 11:09:55,298 [INFO] Epoch 22/100 | Batch 0/20 processing...
2026-05-12 11:09:57,117 [INFO] Epoch 22/100 | Batch 10/20 processing...
2026-05-12 11:09:58,881 [INFO] Checkpoint saved -> checkpoints\ckpt_epoch_22.pt
2026-05-12 11:09:58,987 [INFO] Epoch 23/100 | Batch 0/20 processing...
2026-05-12 11:10:00,787 [INFO] Epoch 23/100 | Batch 10/20 processing...
2026-05-12 11:10:02,597 [INFO] Checkpoint saved -> checkpoints\ckpt_epoch_23.pt
2026-05-12 11:10:02,690 [INFO] Epoch 24/100 | Batch 0/20 processing...
2026-05-12 11:10:04,453 [INFO] Epoch 24/100 | Batch 10/20 processing...
2026-05-12 11:10:06,241 [INFO] Checkpoint saved -> checkpoints\ckpt_epoch_24.pt
2026-05-12 11:10:06,342 [INFO] Epoch 25/100 | Batch 0/20 processing...
2026-05-12 11:10:08,172 [INFO] Epoch 25/100 | Batch 10/20 processing...
2026-05-12 11:10:09,924 [INFO] Checkpoint saved -> checkpoints\ckpt_epoch_25.pt
2026-05-12 11:10:10,032 [INFO] Epoch 26/100 | Batch 0/20 processing...
2026-05-12 11:10:11,895 [INFO] Epoch 26/100 | Batch 10/20 processing...
2026-05-12 11:10:13,640 [INFO] Checkpoint saved -> checkpoints\ckpt_epoch_26.pt
2026-05-12 11:10:13,740 [INFO] Epoch 27/100 | Batch 0/20 processing...
2026-05-12 11:10:15,518 [INFO] Epoch 27/100 | Batch 10/20 processing...
2026-05-12 11:10:17,301 [INFO] Checkpoint saved -> checkpoints\ckpt_epoch_27.pt
2026-05-12 11:10:17,407 [INFO] Epoch 28/100 | Batch 0/20 processing...
2026-05-12 11:10:19,213 [INFO] Epoch 28/100 | Batch 10/20 processing...
2026-05-12 11:10:20,965 [INFO] Checkpoint saved -> checkpoints\ckpt_epoch_28.pt
2026-05-12 11:10:21,033 [INFO] Epoch 29/100 | Batch 0/20 processing...
2026-05-12 11:10:22,896 [INFO] Epoch 29/100 | Batch 10/20 processing...
2026-05-12 11:10:24,653 [INFO] Checkpoint saved -> checkpoints\ckpt_epoch_29.pt
2026-05-12 11:10:24,709 [INFO] Epoch 30/100 | Batch 0/20 processing...
2026-05-12 11:10:26,602 [INFO] Epoch 30/100 | Batch 10/20 processing...
2026-05-12 11:10:28,522 [INFO] Epoch  30/100  G=3.7422  D=0.4270  CAA=4.5490
2026-05-12 11:10:28,623 [INFO] Checkpoint saved -> checkpoints\ckpt_epoch_30.pt
2026-05-12 11:10:28,722 [INFO] Epoch 31/100 | Batch 0/20 processing...
2026-05-12 11:10:30,762 [INFO] Epoch 31/100 | Batch 10/20 processing...
2026-05-12 11:10:32,854 [INFO] Checkpoint saved -> checkpoints\ckpt_epoch_31.pt
2026-05-12 11:10:32,973 [INFO] Epoch 32/100 | Batch 0/20 processing...
2026-05-12 11:10:35,168 [INFO] Epoch 32/100 | Batch 10/20 processing...
2026-05-12 11:10:37,253 [INFO] Checkpoint saved -> checkpoints\ckpt_epoch_32.pt
2026-05-12 11:10:37,339 [INFO] Epoch 33/100 | Batch 0/20 processing...
2026-05-12 11:10:39,405 [INFO] Epoch 33/100 | Batch 10/20 processing...
2026-05-12 11:10:41,437 [INFO] Checkpoint saved -> checkpoints\ckpt_epoch_33.pt
2026-05-12 11:10:41,499 [INFO] Epoch 34/100 | Batch 0/20 processing...
2026-05-12 11:10:43,543 [INFO] Epoch 34/100 | Batch 10/20 processing...
2026-05-12 11:10:45,574 [INFO] Checkpoint saved -> checkpoints\ckpt_epoch_34.pt
2026-05-12 11:10:45,641 [INFO] Epoch 35/100 | Batch 0/20 processing...
2026-05-12 11:10:47,745 [INFO] Epoch 35/100 | Batch 10/20 processing...
2026-05-12 11:10:49,773 [INFO] Checkpoint saved -> checkpoints\ckpt_epoch_35.pt
2026-05-12 11:10:49,850 [INFO] Epoch 36/100 | Batch 0/20 processing...
2026-05-12 11:10:51,858 [INFO] Epoch 36/100 | Batch 10/20 processing...
2026-05-12 11:10:53,861 [INFO] Checkpoint saved -> checkpoints\ckpt_epoch_36.pt
2026-05-12 11:10:53,933 [INFO] Epoch 37/100 | Batch 0/20 processing...
2026-05-12 11:10:55,986 [INFO] Epoch 37/100 | Batch 10/20 processing...
2026-05-12 11:10:58,090 [INFO] Checkpoint saved -> checkpoints\ckpt_epoch_37.pt
2026-05-12 11:10:58,200 [INFO] Epoch 38/100 | Batch 0/20 processing...
2026-05-12 11:11:00,293 [INFO] Epoch 38/100 | Batch 10/20 processing...
2026-05-12 11:11:02,353 [INFO] Checkpoint saved -> checkpoints\ckpt_epoch_38.pt
2026-05-12 11:11:02,415 [INFO] Epoch 39/100 | Batch 0/20 processing...
2026-05-12 11:11:04,558 [INFO] Epoch 39/100 | Batch 10/20 processing...
2026-05-12 11:11:09,379 [INFO] Checkpoint saved -> checkpoints\ckpt_epoch_39.pt
2026-05-12 11:11:11,098 [INFO] Epoch 40/100 | Batch 0/20 processing...
2026-05-12 11:11:12,839 [INFO] Epoch 40/100 | Batch 10/20 processing...
2026-05-12 11:11:14,566 [INFO] Epoch  40/100  G=3.6523  D=0.4055  CAA=4.4358
2026-05-12 11:11:14,747 [INFO] Checkpoint saved -> checkpoints\ckpt_epoch_40.pt
2026-05-12 11:11:15,542 [INFO] Epoch 41/100 | Batch 0/20 processing...
2026-05-12 11:11:17,327 [INFO] Epoch 41/100 | Batch 10/20 processing...
2026-05-12 11:11:19,311 [INFO] Checkpoint saved -> checkpoints\ckpt_epoch_41.pt
2026-05-12 11:11:19,416 [INFO] Epoch 42/100 | Batch 0/20 processing...
2026-05-12 11:11:21,449 [INFO] Epoch 42/100 | Batch 10/20 processing...
2026-05-12 11:11:23,433 [INFO] Checkpoint saved -> checkpoints\ckpt_epoch_42.pt
2026-05-12 11:11:23,487 [INFO] Epoch 43/100 | Batch 0/20 processing...
2026-05-12 11:11:25,758 [INFO] Epoch 43/100 | Batch 10/20 processing...
2026-05-12 11:11:28,133 [INFO] Checkpoint saved -> checkpoints\ckpt_epoch_43.pt
2026-05-12 11:11:28,192 [INFO] Epoch 44/100 | Batch 0/20 processing...
2026-05-12 11:11:30,143 [INFO] Epoch 44/100 | Batch 10/20 processing...
2026-05-12 11:11:31,985 [INFO] Checkpoint saved -> checkpoints\ckpt_epoch_44.pt
2026-05-12 11:11:32,049 [INFO] Epoch 45/100 | Batch 0/20 processing...
2026-05-12 11:11:33,996 [INFO] Epoch 45/100 | Batch 10/20 processing...
2026-05-12 11:11:35,973 [INFO] Checkpoint saved -> checkpoints\ckpt_epoch_45.pt
2026-05-12 11:11:36,028 [INFO] Epoch 46/100 | Batch 0/20 processing...
2026-05-12 11:11:37,887 [INFO] Epoch 46/100 | Batch 10/20 processing...
2026-05-12 11:11:39,744 [INFO] Checkpoint saved -> checkpoints\ckpt_epoch_46.pt
2026-05-12 11:11:39,809 [INFO] Epoch 47/100 | Batch 0/20 processing...
2026-05-12 11:11:41,635 [INFO] Epoch 47/100 | Batch 10/20 processing...
2026-05-12 11:11:43,725 [INFO] Checkpoint saved -> checkpoints\ckpt_epoch_47.pt
2026-05-12 11:11:43,778 [INFO] Epoch 48/100 | Batch 0/20 processing...
2026-05-12 11:11:45,504 [INFO] Epoch 48/100 | Batch 10/20 processing...
2026-05-12 11:11:47,350 [INFO] Checkpoint saved -> checkpoints\ckpt_epoch_48.pt
2026-05-12 11:11:47,412 [INFO] Epoch 49/100 | Batch 0/20 processing...
2026-05-12 11:11:49,220 [INFO] Epoch 49/100 | Batch 10/20 processing...
2026-05-12 11:11:51,041 [INFO] Checkpoint saved -> checkpoints\ckpt_epoch_49.pt
2026-05-12 11:11:51,105 [INFO] Epoch 50/100 | Batch 0/20 processing...
2026-05-12 11:11:52,944 [INFO] Epoch 50/100 | Batch 10/20 processing...
2026-05-12 11:11:54,682 [INFO] Epoch  50/100  G=4.1699  D=0.4783  CAA=4.6544
2026-05-12 11:11:54,768 [INFO] Checkpoint saved -> checkpoints\ckpt_epoch_50.pt
2026-05-12 11:11:54,829 [INFO] Epoch 51/100 | Batch 0/20 processing...
2026-05-12 11:11:56,703 [INFO] Epoch 51/100 | Batch 10/20 processing...
2026-05-12 11:11:58,545 [INFO] Checkpoint saved -> checkpoints\ckpt_epoch_51.pt
2026-05-12 11:11:58,607 [INFO] Epoch 52/100 | Batch 0/20 processing...
2026-05-12 11:12:00,400 [INFO] Epoch 52/100 | Batch 10/20 processing...
2026-05-12 11:12:02,183 [INFO] Checkpoint saved -> checkpoints\ckpt_epoch_52.pt
2026-05-12 11:12:02,242 [INFO] Epoch 53/100 | Batch 0/20 processing...
2026-05-12 11:12:04,080 [INFO] Epoch 53/100 | Batch 10/20 processing...
2026-05-12 11:12:05,951 [INFO] Checkpoint saved -> checkpoints\ckpt_epoch_53.pt
2026-05-12 11:12:06,011 [INFO] Epoch 54/100 | Batch 0/20 processing...
2026-05-12 11:12:07,855 [INFO] Epoch 54/100 | Batch 10/20 processing...
2026-05-12 11:12:09,719 [INFO] Checkpoint saved -> checkpoints\ckpt_epoch_54.pt
2026-05-12 11:12:09,813 [INFO] Epoch 55/100 | Batch 0/20 processing...
2026-05-12 11:12:11,734 [INFO] Epoch 55/100 | Batch 10/20 processing...
2026-05-12 11:12:13,608 [INFO] Checkpoint saved -> checkpoints\ckpt_epoch_55.pt
2026-05-12 11:12:13,661 [INFO] Epoch 56/100 | Batch 0/20 processing...
2026-05-12 11:12:15,522 [INFO] Epoch 56/100 | Batch 10/20 processing...
2026-05-12 11:12:17,338 [INFO] Checkpoint saved -> checkpoints\ckpt_epoch_56.pt
2026-05-12 11:12:17,399 [INFO] Epoch 57/100 | Batch 0/20 processing...
2026-05-12 11:12:19,173 [INFO] Epoch 57/100 | Batch 10/20 processing...
2026-05-12 11:12:20,993 [INFO] Checkpoint saved -> checkpoints\ckpt_epoch_57.pt
2026-05-12 11:12:21,058 [INFO] Epoch 58/100 | Batch 0/20 processing...
2026-05-12 11:12:22,860 [INFO] Epoch 58/100 | Batch 10/20 processing...
2026-05-12 11:12:24,720 [INFO] Checkpoint saved -> checkpoints\ckpt_epoch_58.pt
2026-05-12 11:12:24,772 [INFO] Epoch 59/100 | Batch 0/20 processing...
2026-05-12 11:12:26,574 [INFO] Epoch 59/100 | Batch 10/20 processing...
2026-05-12 11:12:28,562 [INFO] Checkpoint saved -> checkpoints\ckpt_epoch_59.pt
2026-05-12 11:12:28,620 [INFO] Epoch 60/100 | Batch 0/20 processing...
2026-05-12 11:12:30,483 [INFO] Epoch 60/100 | Batch 10/20 processing...
2026-05-12 11:12:32,389 [INFO] Epoch  60/100  G=4.0622  D=0.5165  CAA=4.3937
2026-05-12 11:12:32,477 [INFO] Checkpoint saved -> checkpoints\ckpt_epoch_60.pt
2026-05-12 11:12:32,537 [INFO] Epoch 61/100 | Batch 0/20 processing...
2026-05-12 11:12:34,325 [INFO] Epoch 61/100 | Batch 10/20 processing...
2026-05-12 11:12:36,191 [INFO] Checkpoint saved -> checkpoints\ckpt_epoch_61.pt
2026-05-12 11:12:36,252 [INFO] Epoch 62/100 | Batch 0/20 processing...
2026-05-12 11:12:38,088 [INFO] Epoch 62/100 | Batch 10/20 processing...
2026-05-12 11:12:39,922 [INFO] Checkpoint saved -> checkpoints\ckpt_epoch_62.pt
2026-05-12 11:12:39,976 [INFO] Epoch 63/100 | Batch 0/20 processing...
2026-05-12 11:12:41,785 [INFO] Epoch 63/100 | Batch 10/20 processing...
2026-05-12 11:12:43,602 [INFO] Checkpoint saved -> checkpoints\ckpt_epoch_63.pt
2026-05-12 11:12:43,670 [INFO] Epoch 64/100 | Batch 0/20 processing...
2026-05-12 11:12:45,457 [INFO] Epoch 64/100 | Batch 10/20 processing...
2026-05-12 11:12:47,245 [INFO] Checkpoint saved -> checkpoints\ckpt_epoch_64.pt
2026-05-12 11:12:47,298 [INFO] Epoch 65/100 | Batch 0/20 processing...
2026-05-12 11:12:49,109 [INFO] Epoch 65/100 | Batch 10/20 processing...
2026-05-12 11:12:50,922 [INFO] Checkpoint saved -> checkpoints\ckpt_epoch_65.pt
2026-05-12 11:12:50,982 [INFO] Epoch 66/100 | Batch 0/20 processing...
2026-05-12 11:12:52,804 [INFO] Epoch 66/100 | Batch 10/20 processing...
2026-05-12 11:12:54,627 [INFO] Checkpoint saved -> checkpoints\ckpt_epoch_66.pt
2026-05-12 11:12:54,706 [INFO] Epoch 67/100 | Batch 0/20 processing...
2026-05-12 11:12:56,502 [INFO] Epoch 67/100 | Batch 10/20 processing...
2026-05-12 11:12:58,298 [INFO] Checkpoint saved -> checkpoints\ckpt_epoch_67.pt
2026-05-12 11:12:58,354 [INFO] Epoch 68/100 | Batch 0/20 processing...
2026-05-12 11:13:00,200 [INFO] Epoch 68/100 | Batch 10/20 processing...
2026-05-12 11:13:02,034 [INFO] Checkpoint saved -> checkpoints\ckpt_epoch_68.pt
2026-05-12 11:13:02,118 [INFO] Epoch 69/100 | Batch 0/20 processing...
2026-05-12 11:13:03,934 [INFO] Epoch 69/100 | Batch 10/20 processing...
2026-05-12 11:13:05,786 [INFO] Checkpoint saved -> checkpoints\ckpt_epoch_69.pt
2026-05-12 11:13:05,852 [INFO] Epoch 70/100 | Batch 0/20 processing...
2026-05-12 11:13:07,682 [INFO] Epoch 70/100 | Batch 10/20 processing...
2026-05-12 11:13:09,475 [INFO] Epoch  70/100  G=4.2723  D=0.3845  CAA=4.4294
2026-05-12 11:13:09,551 [INFO] Checkpoint saved -> checkpoints\ckpt_epoch_70.pt
2026-05-12 11:13:09,607 [INFO] Epoch 71/100 | Batch 0/20 processing...
2026-05-12 11:13:11,467 [INFO] Epoch 71/100 | Batch 10/20 processing...
2026-05-12 11:13:13,317 [INFO] Checkpoint saved -> checkpoints\ckpt_epoch_71.pt
2026-05-12 11:13:13,380 [INFO] Epoch 72/100 | Batch 0/20 processing...
2026-05-12 11:13:15,282 [INFO] Epoch 72/100 | Batch 10/20 processing...
2026-05-12 11:13:17,114 [INFO] Checkpoint saved -> checkpoints\ckpt_epoch_72.pt
2026-05-12 11:13:17,176 [INFO] Epoch 73/100 | Batch 0/20 processing...
2026-05-12 11:13:19,020 [INFO] Epoch 73/100 | Batch 10/20 processing...
2026-05-12 11:13:20,838 [INFO] Checkpoint saved -> checkpoints\ckpt_epoch_73.pt
2026-05-12 11:13:20,897 [INFO] Epoch 74/100 | Batch 0/20 processing...
2026-05-12 11:13:22,728 [INFO] Epoch 74/100 | Batch 10/20 processing...
2026-05-12 11:13:24,556 [INFO] Checkpoint saved -> checkpoints\ckpt_epoch_74.pt
2026-05-12 11:13:24,627 [INFO] Epoch 75/100 | Batch 0/20 processing...
2026-05-12 11:13:26,530 [INFO] Epoch 75/100 | Batch 10/20 processing...
2026-05-12 11:13:28,439 [INFO] Checkpoint saved -> checkpoints\ckpt_epoch_75.pt
2026-05-12 11:13:28,503 [INFO] Epoch 76/100 | Batch 0/20 processing...
2026-05-12 11:13:30,358 [INFO] Epoch 76/100 | Batch 10/20 processing...
2026-05-12 11:13:32,461 [INFO] Checkpoint saved -> checkpoints\ckpt_epoch_76.pt
2026-05-12 11:13:32,534 [INFO] Epoch 77/100 | Batch 0/20 processing...
2026-05-12 11:13:35,108 [INFO] Epoch 77/100 | Batch 10/20 processing...
2026-05-12 11:13:37,533 [INFO] Checkpoint saved -> checkpoints\ckpt_epoch_77.pt
2026-05-12 11:13:37,587 [INFO] Epoch 78/100 | Batch 0/20 processing...
2026-05-12 11:13:39,448 [INFO] Epoch 78/100 | Batch 10/20 processing...
2026-05-12 11:13:41,285 [INFO] Checkpoint saved -> checkpoints\ckpt_epoch_78.pt
2026-05-12 11:13:41,350 [INFO] Epoch 79/100 | Batch 0/20 processing...
2026-05-12 11:13:43,191 [INFO] Epoch 79/100 | Batch 10/20 processing...
2026-05-12 11:13:45,009 [INFO] Checkpoint saved -> checkpoints\ckpt_epoch_79.pt
2026-05-12 11:13:45,078 [INFO] Epoch 80/100 | Batch 0/20 processing...
2026-05-12 11:13:46,892 [INFO] Epoch 80/100 | Batch 10/20 processing...
2026-05-12 11:13:48,681 [INFO] Epoch  80/100  G=4.1982  D=0.5137  CAA=4.5914
2026-05-12 11:13:48,792 [INFO] Checkpoint saved -> checkpoints\ckpt_epoch_80.pt
2026-05-12 11:13:48,846 [INFO] Epoch 81/100 | Batch 0/20 processing...
2026-05-12 11:13:50,732 [INFO] Epoch 81/100 | Batch 10/20 processing...
2026-05-12 11:13:52,599 [INFO] Checkpoint saved -> checkpoints\ckpt_epoch_81.pt
2026-05-12 11:13:52,652 [INFO] Epoch 82/100 | Batch 0/20 processing...
2026-05-12 11:13:54,544 [INFO] Epoch 82/100 | Batch 10/20 processing...
2026-05-12 11:13:56,426 [INFO] Checkpoint saved -> checkpoints\ckpt_epoch_82.pt
2026-05-12 11:13:56,485 [INFO] Epoch 83/100 | Batch 0/20 processing...
2026-05-12 11:13:58,388 [INFO] Epoch 83/100 | Batch 10/20 processing...
2026-05-12 11:14:00,198 [INFO] Checkpoint saved -> checkpoints\ckpt_epoch_83.pt
2026-05-12 11:14:00,279 [INFO] Epoch 84/100 | Batch 0/20 processing...
2026-05-12 11:14:02,176 [INFO] Epoch 84/100 | Batch 10/20 processing...
2026-05-12 11:14:04,003 [INFO] Checkpoint saved -> checkpoints\ckpt_epoch_84.pt
2026-05-12 11:14:04,071 [INFO] Epoch 85/100 | Batch 0/20 processing...
2026-05-12 11:14:05,904 [INFO] Epoch 85/100 | Batch 10/20 processing...
2026-05-12 11:14:07,793 [INFO] Checkpoint saved -> checkpoints\ckpt_epoch_85.pt
2026-05-12 11:14:07,895 [INFO] Epoch 86/100 | Batch 0/20 processing...
2026-05-12 11:14:09,802 [INFO] Epoch 86/100 | Batch 10/20 processing...
2026-05-12 11:14:11,632 [INFO] Checkpoint saved -> checkpoints\ckpt_epoch_86.pt
2026-05-12 11:14:11,686 [INFO] Epoch 87/100 | Batch 0/20 processing...
2026-05-12 11:14:13,517 [INFO] Epoch 87/100 | Batch 10/20 processing...
2026-05-12 11:14:15,603 [INFO] Checkpoint saved -> checkpoints\ckpt_epoch_87.pt
2026-05-12 11:14:15,692 [INFO] Epoch 88/100 | Batch 0/20 processing...
2026-05-12 11:14:17,592 [INFO] Epoch 88/100 | Batch 10/20 processing...
2026-05-12 11:14:19,473 [INFO] Checkpoint saved -> checkpoints\ckpt_epoch_88.pt
2026-05-12 11:14:19,546 [INFO] Epoch 89/100 | Batch 0/20 processing...
2026-05-12 11:14:21,447 [INFO] Epoch 89/100 | Batch 10/20 processing...
2026-05-12 11:14:23,302 [INFO] Checkpoint saved -> checkpoints\ckpt_epoch_89.pt
2026-05-12 11:14:23,355 [INFO] Epoch 90/100 | Batch 0/20 processing...
2026-05-12 11:14:25,273 [INFO] Epoch 90/100 | Batch 10/20 processing...
2026-05-12 11:14:27,098 [INFO] Epoch  90/100  G=4.3222  D=0.4233  CAA=4.4715
2026-05-12 11:14:27,179 [INFO] Checkpoint saved -> checkpoints\ckpt_epoch_90.pt
2026-05-12 11:14:27,232 [INFO] Epoch 91/100 | Batch 0/20 processing...
2026-05-12 11:14:29,127 [INFO] Epoch 91/100 | Batch 10/20 processing...
2026-05-12 11:14:31,044 [INFO] Checkpoint saved -> checkpoints\ckpt_epoch_91.pt
2026-05-12 11:14:31,095 [INFO] Epoch 92/100 | Batch 0/20 processing...
2026-05-12 11:14:32,985 [INFO] Epoch 92/100 | Batch 10/20 processing...
2026-05-12 11:14:34,883 [INFO] Checkpoint saved -> checkpoints\ckpt_epoch_92.pt
2026-05-12 11:14:34,936 [INFO] Epoch 93/100 | Batch 0/20 processing...
2026-05-12 11:14:36,785 [INFO] Epoch 93/100 | Batch 10/20 processing...
2026-05-12 11:14:38,682 [INFO] Checkpoint saved -> checkpoints\ckpt_epoch_93.pt
2026-05-12 11:14:38,743 [INFO] Epoch 94/100 | Batch 0/20 processing...
2026-05-12 11:14:40,635 [INFO] Epoch 94/100 | Batch 10/20 processing...
2026-05-12 11:14:42,445 [INFO] Checkpoint saved -> checkpoints\ckpt_epoch_94.pt
2026-05-12 11:14:42,497 [INFO] Epoch 95/100 | Batch 0/20 processing...
2026-05-12 11:14:44,354 [INFO] Epoch 95/100 | Batch 10/20 processing...
2026-05-12 11:14:46,235 [INFO] Checkpoint saved -> checkpoints\ckpt_epoch_95.pt
2026-05-12 11:14:46,285 [INFO] Epoch 96/100 | Batch 0/20 processing...
2026-05-12 11:14:48,133 [INFO] Epoch 96/100 | Batch 10/20 processing...
2026-05-12 11:14:49,990 [INFO] Checkpoint saved -> checkpoints\ckpt_epoch_96.pt
2026-05-12 11:14:50,050 [INFO] Epoch 97/100 | Batch 0/20 processing...
2026-05-12 11:14:52,013 [INFO] Epoch 97/100 | Batch 10/20 processing...
2026-05-12 11:14:54,010 [INFO] Checkpoint saved -> checkpoints\ckpt_epoch_97.pt
2026-05-12 11:14:54,078 [INFO] Epoch 98/100 | Batch 0/20 processing...
2026-05-12 11:14:55,997 [INFO] Epoch 98/100 | Batch 10/20 processing...
2026-05-12 11:14:57,981 [INFO] Checkpoint saved -> checkpoints\ckpt_epoch_98.pt
2026-05-12 11:14:58,041 [INFO] Epoch 99/100 | Batch 0/20 processing...
2026-05-12 11:14:59,910 [INFO] Epoch 99/100 | Batch 10/20 processing...
2026-05-12 11:15:01,771 [INFO] Checkpoint saved -> checkpoints\ckpt_epoch_99.pt
2026-05-12 11:15:01,824 [INFO] Epoch 100/100 | Batch 0/20 processing...
2026-05-12 11:15:03,729 [INFO] Epoch 100/100 | Batch 10/20 processing...
2026-05-12 11:15:05,556 [INFO] Epoch 100/100  G=4.3666  D=0.4025  CAA=4.5280
2026-05-12 11:15:05,644 [INFO] Checkpoint saved -> checkpoints\ckpt_epoch_100.pt
2026-05-12 11:15:06,219 [INFO] Training curves saved -> ./outputs/figure_training_curves.png
2026-05-12 11:15:06,219 [INFO] 
Step 4/6 – Evaluating Deceptive-Net…
2026-05-12 11:15:06,220 [INFO] Running full evaluation…
2026-05-12 11:15:07,696 [INFO] 
Step 4b/6 – Evaluating baselines…
2026-05-12 11:15:07,696 [INFO] Evaluating baselines…
2026-05-12 11:15:07,891 [INFO]   Static Tokens             DDS=109.2737  Luhn=10.9%  NE=75.5%  k_tok/s=inf
2026-05-12 11:15:08,113 [INFO]   Gaussian Copula           DDS=1.8195  Luhn=10.3%  NE=79.5%  k_tok/s=41.6
2026-05-12 11:15:08,267 [INFO]   SMOTE-NC                  DDS=1.4234  Luhn=7.7%  NE=78.7%  k_tok/s=848.7
2026-05-12 11:15:08,268 [INFO]   Training CopulaGAN proxy…
2026-05-12 11:15:09,133 [INFO]   CopulaGAN                 DDS=28.8242  Luhn=14.4%  NE=69.1%  k_tok/s=238.9
2026-05-12 11:15:09,133 [INFO]   Training TVAE proxy…
2026-05-12 11:15:10,056 [INFO]   TVAE                      DDS=31.3163  Luhn=15.4%  NE=65.6%  k_tok/s=138.2
2026-05-12 11:15:10,056 [INFO]   Training CTGAN proxy…
2026-05-12 11:15:10,874 [INFO]   CTGAN                     DDS=16.9637  Luhn=17.2%  NE=72.0%  k_tok/s=269.6
2026-05-12 11:15:10,875 [INFO]   Training GReaT proxy…
2026-05-12 11:15:11,811 [INFO]   GReaT                     DDS=31.5092  Luhn=12.5%  NE=75.7%  k_tok/s=160.7
2026-05-12 11:15:11,811 [INFO]   Training TabDDPM proxy…
2026-05-12 11:15:12,727 [INFO]   TabDDPM                   DDS=32.8553  Luhn=26.3%  NE=67.1%  k_tok/s=136.2
2026-05-12 11:15:12,732 [INFO] 
Step 5/6 – Generating tables and figures…
2026-05-12 11:15:12,960 [INFO] Table saved -> ./outputs/table1_baf_features.png
2026-05-12 11:15:13,259 [INFO] Table saved -> ./outputs/table2_main_results.png
2026-05-12 11:15:13,262 [INFO] Training TDA for 300 episodes…
2026-05-12 11:15:52,926 [INFO] TDA training complete. Mean dwell=37.07 min
2026-05-12 11:15:53,139 [INFO] Table saved -> ./outputs/table3_deployment.png
2026-05-12 11:15:54,591 [INFO] Table saved -> ./outputs/table5_profiling.png
2026-05-12 11:15:54,592 [INFO] 
Step 5b/6 – Running ablation study…
2026-05-12 11:15:54,592 [INFO] Ablation: (A) Full Deceptive-Net
2026-05-12 11:15:54,633 [INFO] Training (ablation) for 1 epochs on cpu…
2026-05-12 11:15:54,637 [INFO] Epoch 1/1 | Batch 0/20 processing...
2026-05-12 11:15:57,015 [INFO] Epoch 1/1 | Batch 10/20 processing...
2026-05-12 11:15:58,933 [INFO] Epoch   1/1  G=14.2919  D=5.8390  CAA=28.5061
2026-05-12 11:15:59,017 [INFO] Checkpoint saved -> checkpoints\ckpt_epoch_1.pt
2026-05-12 11:15:59,413 [INFO]   DDS=108.1463  Luhn=0.0%
2026-05-12 11:15:59,413 [INFO] Ablation: (B) A - CAA Module
2026-05-12 11:15:59,467 [INFO] Training (ablation) for 1 epochs on cpu…
2026-05-12 11:15:59,471 [INFO] Epoch 1/1 | Batch 0/20 processing...
2026-05-12 11:16:01,346 [INFO] Epoch 1/1 | Batch 10/20 processing...
2026-05-12 11:16:03,319 [INFO] Epoch   1/1  G=-0.4503  D=6.4792  CAA=0.0000
2026-05-12 11:16:03,396 [INFO] Checkpoint saved -> checkpoints\ckpt_epoch_1.pt
2026-05-12 11:16:03,710 [INFO]   DDS=128.8607  Luhn=5.7%
2026-05-12 11:16:03,710 [INFO] Ablation: (C) A - Spectral Norm.
2026-05-12 11:16:03,758 [INFO] Training for 1 epochs on cpu…
2026-05-12 11:16:03,761 [INFO] Epoch 1/1 | Batch 0/20 processing...
2026-05-12 11:16:05,515 [INFO] Epoch 1/1 | Batch 10/20 processing...
2026-05-12 11:16:07,224 [INFO] Epoch   1/1  G=14.1594  D=6.0555  CAA=28.4409
2026-05-12 11:16:07,326 [INFO] Checkpoint saved -> checkpoints\ckpt_epoch_1.pt
2026-05-12 11:16:07,624 [INFO]   DDS=90.8684  Luhn=0.0%
2026-05-12 11:16:07,624 [INFO] Ablation: (D) A - Multi-Head Critic
2026-05-12 11:16:07,670 [INFO] Training for 1 epochs on cpu…
2026-05-12 11:16:07,674 [INFO] Epoch 1/1 | Batch 0/20 processing...
2026-05-12 11:16:09,540 [INFO] Epoch 1/1 | Batch 10/20 processing...
2026-05-12 11:16:11,646 [INFO] Epoch   1/1  G=12.2447  D=5.5810  CAA=24.4787
2026-05-12 11:16:11,740 [INFO] Checkpoint saved -> checkpoints\ckpt_epoch_1.pt
2026-05-12 11:16:12,055 [INFO]   DDS=98.6410  Luhn=46.1%
2026-05-12 11:16:12,055 [INFO] Ablation: (E) A - FiLM Conditioning
2026-05-12 11:16:12,099 [INFO] Training for 1 epochs on cpu…
2026-05-12 11:16:12,103 [INFO] Epoch 1/1 | Batch 0/20 processing...
2026-05-12 11:16:13,987 [INFO] Epoch 1/1 | Batch 10/20 processing...
2026-05-12 11:16:15,763 [INFO] Epoch   1/1  G=12.4779  D=6.1529  CAA=25.3331
2026-05-12 11:16:15,847 [INFO] Checkpoint saved -> checkpoints\ckpt_epoch_1.pt
2026-05-12 11:16:16,196 [INFO]   DDS=189.2862  Luhn=0.0%
2026-05-12 11:16:16,196 [INFO] Ablation: (F) A - TDA
2026-05-12 11:16:16,244 [INFO] Training for 1 epochs on cpu…
2026-05-12 11:16:16,248 [INFO] Epoch 1/1 | Batch 0/20 processing...
2026-05-12 11:16:18,508 [INFO] Epoch 1/1 | Batch 10/20 processing...
2026-05-12 11:16:20,401 [INFO] Epoch   1/1  G=13.7474  D=5.8320  CAA=27.3175
2026-05-12 11:16:20,488 [INFO] Checkpoint saved -> checkpoints\ckpt_epoch_1.pt
2026-05-12 11:16:20,889 [INFO]   DDS=76.7186  Luhn=0.0%
2026-05-12 11:16:20,889 [INFO] Ablation: (G) A - Record Alignment
2026-05-12 11:16:20,942 [INFO] Training for 1 epochs on cpu…
2026-05-12 11:16:20,946 [INFO] Epoch 1/1 | Batch 0/20 processing...
2026-05-12 11:16:22,763 [INFO] Epoch 1/1 | Batch 10/20 processing...
2026-05-12 11:16:24,480 [INFO] Epoch   1/1  G=13.7123  D=5.8016  CAA=27.4714
2026-05-12 11:16:24,563 [INFO] Checkpoint saved -> checkpoints\ckpt_epoch_1.pt
2026-05-12 11:16:24,875 [INFO]   DDS=57.7495  Luhn=0.0%
2026-05-12 11:16:24,875 [INFO] Ablation: (H) WGAN-GP only (baseline)
2026-05-12 11:16:24,929 [INFO] Training (ablation) for 1 epochs on cpu…
2026-05-12 11:16:24,934 [INFO] Epoch 1/1 | Batch 0/20 processing...
2026-05-12 11:16:26,700 [INFO] Epoch 1/1 | Batch 10/20 processing...
2026-05-12 11:16:28,424 [INFO] Epoch   1/1  G=-0.4609  D=6.2950  CAA=0.0000
2026-05-12 11:16:28,507 [INFO] Checkpoint saved -> checkpoints\ckpt_epoch_1.pt
2026-05-12 11:16:28,847 [INFO]   DDS=92.8901  Luhn=0.0%
2026-05-12 11:16:29,122 [INFO] Table saved -> ./outputs/table4_ablation.png
2026-05-12 11:16:29,790 [INFO] Computing t-SNE…
2026-05-12 11:16:53,182 [INFO] t-SNE figure saved -> ./outputs/figure_tsne.png
2026-05-12 11:16:53,338 [INFO] Velocity ordering figure saved -> ./outputs/figure_velocity_ordering.png
2026-05-12 11:16:53,545 [INFO] DDS comparison figure saved -> ./outputs/figure_dds_comparison.png
2026-05-12 11:16:53,545 [INFO] ======================================================================
2026-05-12 11:16:53,545 [INFO] DECEPTIVE-NET – RESULTS SUMMARY
2026-05-12 11:16:53,545 [INFO] ======================================================================
2026-05-12 11:16:53,546 [INFO] 
Table 2 – Main Results:
2026-05-12 11:16:53,546 [INFO] Method                       DDS(down)   Luhn%     NE%        k/s
2026-05-12 11:16:53,546 [INFO] -----------------------------------------------------------------
2026-05-12 11:16:53,546 [INFO] Static Tokens                109.274    10.9    75.5        inf
2026-05-12 11:16:53,546 [INFO] Gaussian Copula                1.819    10.3    79.5       41.6
2026-05-12 11:16:53,546 [INFO] SMOTE-NC                       1.423     7.7    78.7      848.7
2026-05-12 11:16:53,546 [INFO] CopulaGAN                     28.824    14.4    69.1      238.9
2026-05-12 11:16:53,547 [INFO] TVAE                          31.316    15.4    65.6      138.2
2026-05-12 11:16:53,547 [INFO] CTGAN                         16.964    17.2    72.0      269.6
2026-05-12 11:16:53,547 [INFO] GReaT                         31.509    12.5    75.7      160.7
2026-05-12 11:16:53,547 [INFO] TabDDPM                       32.855    26.3    67.1      136.2
2026-05-12 11:16:53,547 [INFO] -----------------------------------------------------------------
2026-05-12 11:16:53,547 [INFO] Deceptive-Net (ours)           0.669    35.9    90.7       14.5
2026-05-12 11:16:53,547 [INFO] 
Table 4 – Ablation Study:
2026-05-12 11:16:53,547 [INFO]   (A) Full Deceptive-Net              DDS=108.146  Luhn=0.0%  DDS_change=---
2026-05-12 11:16:53,547 [INFO]   (B) A - CAA Module                  DDS=128.861  Luhn=5.7%  DDS_change=+19%
2026-05-12 11:16:53,548 [INFO]   (C) A - Spectral Norm.              DDS=90.868  Luhn=0.0%  DDS_change=---
2026-05-12 11:16:53,548 [INFO]   (D) A - Multi-Head Critic           DDS=98.641  Luhn=46.1%  DDS_change=---
2026-05-12 11:16:53,548 [INFO]   (E) A - FiLM Conditioning           DDS=189.286  Luhn=0.0%  DDS_change=+75%
2026-05-12 11:16:53,548 [INFO]   (F) A - TDA                         DDS=76.719  Luhn=0.0%  DDS_change=---
2026-05-12 11:16:53,548 [INFO]   (G) A - Record Alignment            DDS=57.750  Luhn=0.0%  DDS_change=---
2026-05-12 11:16:53,548 [INFO]   (H) WGAN-GP only (baseline)         DDS=92.890  Luhn=0.0%  DDS_change=---
2026-05-12 11:16:53,548 [INFO] ======================================================================
2026-05-12 11:16:53,548 [INFO] 
Step 6/6 – Generating 10 000 honey-tokens…
2026-05-12 11:16:53,548 [INFO] Generating 10000 honey-tokens...
2026-05-12 11:16:54,292 [INFO] Generated 10000 tokens in 0.74s (13457 tok/s)
2026-05-12 11:16:55,851 [INFO] Honey tokens saved -> ./outputs/honey_tokens_10k.csv
2026-05-12 11:16:55,851 [INFO] 
All done.  Outputs written to: ./outputs
